-------------------------------------------------------------------------------
Test set: Login Function
-------------------------------------------------------------------------------
Tests run: 1, Failures: 1, Errors: 0, Skipped: 0, Time elapsed: 8.397 s <<< FAILURE! - in Login Function
Login with valid credentials(Login Function)  Time elapsed: 8.397 s  <<< FAILURE!
org.junit.ComparisonFailure: expected:<[]Portal> but was:<[(1) ]Portal>

